<?xml version="1.0" encoding="UTF-8"?>
<testsuite name="prgms.marco.springbooturlshortener.web.controller.UrlControllerTest" tests="3" skipped="0" failures="0" errors="0" timestamp="2022-06-13T13:50:12" hostname="hyuks-MacBookPro.local" time="0.129">
  <properties/>
  <testcase name="Short URL 생성 - 성공" classname="prgms.marco.springbooturlshortener.web.controller.UrlControllerTest" time="0.097"/>
  <testcase name="Short Url을 Origin Url 변환" classname="prgms.marco.springbooturlshortener.web.controller.UrlControllerTest" time="0.006"/>
  <testcase name="Short URL 생성 - 실패" classname="prgms.marco.springbooturlshortener.web.controller.UrlControllerTest" time="0.022"/>
  <system-out><![CDATA[2022-06-13 22:50:12.429  INFO 1201 --- [    Test worker] .b.t.a.w.s.WebMvcTestContextBootstrapper : Neither @ContextConfiguration nor @ContextHierarchy found for test class [prgms.marco.springbooturlshortener.web.controller.UrlControllerTest], using SpringBootContextLoader
2022-06-13 22:50:12.431  INFO 1201 --- [    Test worker] o.s.t.c.support.AbstractContextLoader    : Could not detect default resource locations for test class [prgms.marco.springbooturlshortener.web.controller.UrlControllerTest]: no resource found for suffixes {-context.xml, Context.groovy}.
2022-06-13 22:50:12.431  INFO 1201 --- [    Test worker] t.c.s.AnnotationConfigContextLoaderUtils : Could not detect default configuration classes for test class [prgms.marco.springbooturlshortener.web.controller.UrlControllerTest]: UrlControllerTest does not declare any static, non-private, non-final, nested classes annotated with @Configuration.
2022-06-13 22:50:12.447  INFO 1201 --- [    Test worker] .b.t.c.SpringBootTestContextBootstrapper : Found @SpringBootConfiguration prgms.marco.springbooturlshortener.UrlShortenerApplication for test class prgms.marco.springbooturlshortener.web.controller.UrlControllerTest
2022-06-13 22:50:12.448  INFO 1201 --- [    Test worker] .b.t.a.w.s.WebMvcTestContextBootstrapper : Loaded default TestExecutionListener class names from location [META-INF/spring.factories]: [org.springframework.test.context.web.ServletTestExecutionListener, org.springframework.test.context.support.DirtiesContextBeforeModesTestExecutionListener, org.springframework.test.context.event.ApplicationEventsTestExecutionListener, org.springframework.test.context.support.DependencyInjectionTestExecutionListener, org.springframework.test.context.support.DirtiesContextTestExecutionListener, org.springframework.test.context.transaction.TransactionalTestExecutionListener, org.springframework.test.context.jdbc.SqlScriptsTestExecutionListener, org.springframework.test.context.event.EventPublishingTestExecutionListener, org.springframework.boot.test.autoconfigure.restdocs.RestDocsTestExecutionListener, org.springframework.boot.test.autoconfigure.web.client.MockRestServiceServerResetTestExecutionListener, org.springframework.boot.test.autoconfigure.web.servlet.MockMvcPrintOnlyOnFailureTestExecutionListener, org.springframework.boot.test.autoconfigure.web.servlet.WebDriverTestExecutionListener, org.springframework.boot.test.autoconfigure.webservices.client.MockWebServiceServerTestExecutionListener, org.springframework.boot.test.mock.mockito.MockitoTestExecutionListener, org.springframework.boot.test.mock.mockito.ResetMocksTestExecutionListener]
2022-06-13 22:50:12.449  INFO 1201 --- [    Test worker] .b.t.a.w.s.WebMvcTestContextBootstrapper : Using TestExecutionListeners: [org.springframework.test.context.web.ServletTestExecutionListener@730a140b, org.springframework.test.context.support.DirtiesContextBeforeModesTestExecutionListener@2f29046b, org.springframework.test.context.event.ApplicationEventsTestExecutionListener@2a1fce44, org.springframework.boot.test.mock.mockito.MockitoTestExecutionListener@48d6248d, org.springframework.boot.test.autoconfigure.SpringBootDependencyInjectionTestExecutionListener@6b5fdbd0, org.springframework.test.context.support.DirtiesContextTestExecutionListener@c32908c, org.springframework.test.context.transaction.TransactionalTestExecutionListener@588b02a0, org.springframework.test.context.jdbc.SqlScriptsTestExecutionListener@2100b770, org.springframework.test.context.event.EventPublishingTestExecutionListener@349469db, org.springframework.boot.test.autoconfigure.restdocs.RestDocsTestExecutionListener@2c3a2935, org.springframework.boot.test.autoconfigure.web.client.MockRestServiceServerResetTestExecutionListener@2ca4b010, org.springframework.boot.test.autoconfigure.web.servlet.MockMvcPrintOnlyOnFailureTestExecutionListener@83b39c3, org.springframework.boot.test.autoconfigure.web.servlet.WebDriverTestExecutionListener@1f7653ae, org.springframework.boot.test.autoconfigure.webservices.client.MockWebServiceServerTestExecutionListener@62f8b2f4, org.springframework.boot.test.mock.mockito.ResetMocksTestExecutionListener@6bd5aa8b]

  .   ____          _            __ _ _
 /\\ / ___'_ __ _ _(_)_ __  __ _ \ \ \ \
( ( )\___ | '_ | '_| | '_ \/ _` | \ \ \ \
 \\/  ___)| |_)| | | | | || (_| |  ) ) ) )
  '  |____| .__|_| |_|_| |_\__, | / / / /
 =========|_|==============|___/=/_/_/_/
 :: Spring Boot ::                (v2.7.0)

2022-06-13 22:50:12.482  INFO 1201 --- [    Test worker] p.m.s.web.controller.UrlControllerTest   : Starting UrlControllerTest using Java 11.0.11 on hyuks-MacBookPro.local with PID 1201 (started by hyuk in /Users/hyuk/study/github-actions-test)
2022-06-13 22:50:12.482  INFO 1201 --- [    Test worker] p.m.s.web.controller.UrlControllerTest   : No active profile set, falling back to 1 default profile: "default"
2022-06-13 22:50:12.800  INFO 1201 --- [    Test worker] o.s.b.a.w.s.WelcomePageHandlerMapping    : Adding welcome page: class path resource [static/index.html]
2022-06-13 22:50:12.913  INFO 1201 --- [    Test worker] o.s.b.t.m.w.SpringBootMockServletContext : Initializing Spring TestDispatcherServlet ''
2022-06-13 22:50:12.913  INFO 1201 --- [    Test worker] o.s.t.web.servlet.TestDispatcherServlet  : Initializing Servlet ''
2022-06-13 22:50:12.913  INFO 1201 --- [    Test worker] o.s.t.web.servlet.TestDispatcherServlet  : Completed initialization in 0 ms
2022-06-13 22:50:12.927  INFO 1201 --- [    Test worker] p.m.s.web.controller.UrlControllerTest   : Started UrlControllerTest in 0.476 seconds (JVM running for 9.285)
]]></system-out>
  <system-err><![CDATA[]]></system-err>
</testsuite>
