<?xml version="1.0" encoding="UTF-8"?>
<testsuite name="prgms.marco.springbooturlshortener.service.UrlServiceTest" tests="4" skipped="0" failures="0" errors="0" timestamp="2022-06-13T13:50:12" hostname="hyuks-MacBookPro.local" time="0.084">
  <properties/>
  <testcase name="ShortUrl로 OriginUrl 조회 - 실패" classname="prgms.marco.springbooturlshortener.service.UrlServiceTest" time="0.017"/>
  <testcase name="ShortUrl로 OriginUrl 조회 - 성공" classname="prgms.marco.springbooturlshortener.service.UrlServiceTest" time="0.024"/>
  <testcase name="Shorturl 생성 성공" classname="prgms.marco.springbooturlshortener.service.UrlServiceTest" time="0.018"/>
  <testcase name="ShortUrl 생성할 필요 없음" classname="prgms.marco.springbooturlshortener.service.UrlServiceTest" time="0.021"/>
  <system-out><![CDATA[2022-06-13 22:50:12.324  INFO 1201 --- [    Test worker] b.t.a.o.j.DataJpaTestContextBootstrapper : Neither @ContextConfiguration nor @ContextHierarchy found for test class [prgms.marco.springbooturlshortener.service.UrlServiceTest], using SpringBootContextLoader
2022-06-13 22:50:12.325  INFO 1201 --- [    Test worker] o.s.t.c.support.AbstractContextLoader    : Could not detect default resource locations for test class [prgms.marco.springbooturlshortener.service.UrlServiceTest]: no resource found for suffixes {-context.xml, Context.groovy}.
2022-06-13 22:50:12.325  INFO 1201 --- [    Test worker] t.c.s.AnnotationConfigContextLoaderUtils : Could not detect default configuration classes for test class [prgms.marco.springbooturlshortener.service.UrlServiceTest]: UrlServiceTest does not declare any static, non-private, non-final, nested classes annotated with @Configuration.
2022-06-13 22:50:12.333  INFO 1201 --- [    Test worker] .b.t.c.SpringBootTestContextBootstrapper : Found @SpringBootConfiguration prgms.marco.springbooturlshortener.UrlShortenerApplication for test class prgms.marco.springbooturlshortener.service.UrlServiceTest
2022-06-13 22:50:12.334  INFO 1201 --- [    Test worker] b.t.a.o.j.DataJpaTestContextBootstrapper : Loaded default TestExecutionListener class names from location [META-INF/spring.factories]: [org.springframework.test.context.web.ServletTestExecutionListener, org.springframework.test.context.support.DirtiesContextBeforeModesTestExecutionListener, org.springframework.test.context.event.ApplicationEventsTestExecutionListener, org.springframework.test.context.support.DependencyInjectionTestExecutionListener, org.springframework.test.context.support.DirtiesContextTestExecutionListener, org.springframework.test.context.transaction.TransactionalTestExecutionListener, org.springframework.test.context.jdbc.SqlScriptsTestExecutionListener, org.springframework.test.context.event.EventPublishingTestExecutionListener, org.springframework.boot.test.autoconfigure.restdocs.RestDocsTestExecutionListener, org.springframework.boot.test.autoconfigure.web.client.MockRestServiceServerResetTestExecutionListener, org.springframework.boot.test.autoconfigure.web.servlet.MockMvcPrintOnlyOnFailureTestExecutionListener, org.springframework.boot.test.autoconfigure.web.servlet.WebDriverTestExecutionListener, org.springframework.boot.test.autoconfigure.webservices.client.MockWebServiceServerTestExecutionListener, org.springframework.boot.test.mock.mockito.MockitoTestExecutionListener, org.springframework.boot.test.mock.mockito.ResetMocksTestExecutionListener]
2022-06-13 22:50:12.335  INFO 1201 --- [    Test worker] b.t.a.o.j.DataJpaTestContextBootstrapper : Using TestExecutionListeners: [org.springframework.test.context.web.ServletTestExecutionListener@94ba90a, org.springframework.test.context.support.DirtiesContextBeforeModesTestExecutionListener@643947d1, org.springframework.test.context.event.ApplicationEventsTestExecutionListener@44b99f09, org.springframework.boot.test.mock.mockito.MockitoTestExecutionListener@261d7ee2, org.springframework.boot.test.autoconfigure.SpringBootDependencyInjectionTestExecutionListener@724a80d2, org.springframework.test.context.support.DirtiesContextTestExecutionListener@5ce34685, org.springframework.test.context.transaction.TransactionalTestExecutionListener@54aacbc7, org.springframework.test.context.jdbc.SqlScriptsTestExecutionListener@198d55de, org.springframework.test.context.event.EventPublishingTestExecutionListener@3fe70a2d, org.springframework.boot.test.autoconfigure.restdocs.RestDocsTestExecutionListener@79f6b43a, org.springframework.boot.test.autoconfigure.web.client.MockRestServiceServerResetTestExecutionListener@7b80ac30, org.springframework.boot.test.autoconfigure.web.servlet.MockMvcPrintOnlyOnFailureTestExecutionListener@8d0253b, org.springframework.boot.test.autoconfigure.web.servlet.WebDriverTestExecutionListener@f61f06e, org.springframework.boot.test.autoconfigure.webservices.client.MockWebServiceServerTestExecutionListener@437ac2dc, org.springframework.boot.test.mock.mockito.ResetMocksTestExecutionListener@3de507af]
2022-06-13 22:50:12.339  INFO 1201 --- [    Test worker] o.s.t.c.transaction.TransactionContext   : Began transaction (1) for test context [DefaultTestContext@218e28d9 testClass = UrlServiceTest, testInstance = prgms.marco.springbooturlshortener.service.UrlServiceTest@34438b38, testMethod = testFindOriginUrlByShortUrlFail@UrlServiceTest, testException = [null], mergedContextConfiguration = [MergedContextConfiguration@28ec92c9 testClass = UrlServiceTest, locations = '{}', classes = '{class prgms.marco.springbooturlshortener.UrlShortenerApplication}', contextInitializerClasses = '[]', activeProfiles = '{}', propertySourceLocations = '{}', propertySourceProperties = '{org.springframework.boot.test.autoconfigure.orm.jpa.DataJpaTestContextBootstrapper=true}', contextCustomizers = set[org.springframework.boot.test.autoconfigure.OverrideAutoConfigurationContextCustomizerFactory$DisableAutoConfigurationContextCustomizer@a8177f6, org.springframework.boot.test.autoconfigure.actuate.metrics.MetricsExportContextCustomizerFactory$DisableMetricExportContextCustomizer@269f4bad, org.springframework.boot.test.autoconfigure.filter.TypeExcludeFiltersContextCustomizer@351584c0, org.springframework.boot.test.autoconfigure.properties.PropertyMappingContextCustomizer@7169a3fb, org.springframework.boot.test.autoconfigure.web.servlet.WebDriverContextCustomizerFactory$Customizer@458342d3, [ImportsContextCustomizer@27115d45 key = [org.springframework.boot.autoconfigure.cache.CacheAutoConfiguration, org.springframework.boot.autoconfigure.data.jpa.JpaRepositoriesAutoConfiguration, org.springframework.boot.autoconfigure.flyway.FlywayAutoConfiguration, org.springframework.boot.autoconfigure.jdbc.DataSourceAutoConfiguration, org.springframework.boot.autoconfigure.jdbc.DataSourceTransactionManagerAutoConfiguration, org.springframework.boot.autoconfigure.jdbc.JdbcTemplateAutoConfiguration, org.springframework.boot.autoconfigure.liquibase.LiquibaseAutoConfiguration, org.springframework.boot.autoconfigure.orm.jpa.HibernateJpaAutoConfiguration, org.springframework.boot.autoconfigure.sql.init.SqlInitializationAutoConfiguration, org.springframework.boot.autoconfigure.transaction.TransactionAutoConfiguration, org.springframework.boot.test.autoconfigure.jdbc.TestDatabaseAutoConfiguration, org.springframework.boot.test.autoconfigure.orm.jpa.TestEntityManagerAutoConfiguration]], org.springframework.boot.test.context.filter.ExcludeFilterContextCustomizer@2b491fee, org.springframework.boot.test.json.DuplicateJsonObjectContextCustomizerFactory$DuplicateJsonObjectContextCustomizer@63192798, org.springframework.boot.test.mock.mockito.MockitoContextCustomizer@0, org.springframework.boot.test.context.SpringBootTestArgs@1, org.springframework.boot.test.context.SpringBootTestWebEnvironment@0], contextLoader = 'org.springframework.boot.test.context.SpringBootContextLoader', parent = [null]], attributes = map['org.springframework.test.context.event.ApplicationEventsTestExecutionListener.recordApplicationEvents' -> false]]; transaction manager [org.springframework.orm.jpa.JpaTransactionManager@2b6d9650]; rollback [true]
Hibernate: 
    select
        url0_.id as id1_0_,
        url0_.origin_url as origin_u2_0_,
        url0_.req_count as req_coun3_0_,
        url0_.short_url as short_ur4_0_ 
    from
        url url0_ 
    where
        url0_.short_url=?
2022-06-13 22:50:12.347 TRACE 1201 --- [    Test worker] o.h.type.descriptor.sql.BasicBinder      : binding parameter [1] as [VARCHAR] - [http://localhost:8080/KDB17]
2022-06-13 22:50:12.354  INFO 1201 --- [    Test worker] o.s.t.c.transaction.TransactionContext   : Rolled back transaction for test: [DefaultTestContext@218e28d9 testClass = UrlServiceTest, testInstance = prgms.marco.springbooturlshortener.service.UrlServiceTest@34438b38, testMethod = testFindOriginUrlByShortUrlFail@UrlServiceTest, testException = [null], mergedContextConfiguration = [MergedContextConfiguration@28ec92c9 testClass = UrlServiceTest, locations = '{}', classes = '{class prgms.marco.springbooturlshortener.UrlShortenerApplication}', contextInitializerClasses = '[]', activeProfiles = '{}', propertySourceLocations = '{}', propertySourceProperties = '{org.springframework.boot.test.autoconfigure.orm.jpa.DataJpaTestContextBootstrapper=true}', contextCustomizers = set[org.springframework.boot.test.autoconfigure.OverrideAutoConfigurationContextCustomizerFactory$DisableAutoConfigurationContextCustomizer@a8177f6, org.springframework.boot.test.autoconfigure.actuate.metrics.MetricsExportContextCustomizerFactory$DisableMetricExportContextCustomizer@269f4bad, org.springframework.boot.test.autoconfigure.filter.TypeExcludeFiltersContextCustomizer@351584c0, org.springframework.boot.test.autoconfigure.properties.PropertyMappingContextCustomizer@7169a3fb, org.springframework.boot.test.autoconfigure.web.servlet.WebDriverContextCustomizerFactory$Customizer@458342d3, [ImportsContextCustomizer@27115d45 key = [org.springframework.boot.autoconfigure.cache.CacheAutoConfiguration, org.springframework.boot.autoconfigure.data.jpa.JpaRepositoriesAutoConfiguration, org.springframework.boot.autoconfigure.flyway.FlywayAutoConfiguration, org.springframework.boot.autoconfigure.jdbc.DataSourceAutoConfiguration, org.springframework.boot.autoconfigure.jdbc.DataSourceTransactionManagerAutoConfiguration, org.springframework.boot.autoconfigure.jdbc.JdbcTemplateAutoConfiguration, org.springframework.boot.autoconfigure.liquibase.LiquibaseAutoConfiguration, org.springframework.boot.autoconfigure.orm.jpa.HibernateJpaAutoConfiguration, org.springframework.boot.autoconfigure.sql.init.SqlInitializationAutoConfiguration, org.springframework.boot.autoconfigure.transaction.TransactionAutoConfiguration, org.springframework.boot.test.autoconfigure.jdbc.TestDatabaseAutoConfiguration, org.springframework.boot.test.autoconfigure.orm.jpa.TestEntityManagerAutoConfiguration]], org.springframework.boot.test.context.filter.ExcludeFilterContextCustomizer@2b491fee, org.springframework.boot.test.json.DuplicateJsonObjectContextCustomizerFactory$DuplicateJsonObjectContextCustomizer@63192798, org.springframework.boot.test.mock.mockito.MockitoContextCustomizer@0, org.springframework.boot.test.context.SpringBootTestArgs@1, org.springframework.boot.test.context.SpringBootTestWebEnvironment@0], contextLoader = 'org.springframework.boot.test.context.SpringBootContextLoader', parent = [null]], attributes = map['org.springframework.test.context.event.ApplicationEventsTestExecutionListener.recordApplicationEvents' -> false]]
2022-06-13 22:50:12.359  INFO 1201 --- [    Test worker] o.s.t.c.transaction.TransactionContext   : Began transaction (1) for test context [DefaultTestContext@218e28d9 testClass = UrlServiceTest, testInstance = prgms.marco.springbooturlshortener.service.UrlServiceTest@64f34c91, testMethod = testFindOriginUrlByShortUrlSuccess@UrlServiceTest, testException = [null], mergedContextConfiguration = [MergedContextConfiguration@28ec92c9 testClass = UrlServiceTest, locations = '{}', classes = '{class prgms.marco.springbooturlshortener.UrlShortenerApplication}', contextInitializerClasses = '[]', activeProfiles = '{}', propertySourceLocations = '{}', propertySourceProperties = '{org.springframework.boot.test.autoconfigure.orm.jpa.DataJpaTestContextBootstrapper=true}', contextCustomizers = set[org.springframework.boot.test.autoconfigure.OverrideAutoConfigurationContextCustomizerFactory$DisableAutoConfigurationContextCustomizer@a8177f6, org.springframework.boot.test.autoconfigure.actuate.metrics.MetricsExportContextCustomizerFactory$DisableMetricExportContextCustomizer@269f4bad, org.springframework.boot.test.autoconfigure.filter.TypeExcludeFiltersContextCustomizer@351584c0, org.springframework.boot.test.autoconfigure.properties.PropertyMappingContextCustomizer@7169a3fb, org.springframework.boot.test.autoconfigure.web.servlet.WebDriverContextCustomizerFactory$Customizer@458342d3, [ImportsContextCustomizer@27115d45 key = [org.springframework.boot.autoconfigure.cache.CacheAutoConfiguration, org.springframework.boot.autoconfigure.data.jpa.JpaRepositoriesAutoConfiguration, org.springframework.boot.autoconfigure.flyway.FlywayAutoConfiguration, org.springframework.boot.autoconfigure.jdbc.DataSourceAutoConfiguration, org.springframework.boot.autoconfigure.jdbc.DataSourceTransactionManagerAutoConfiguration, org.springframework.boot.autoconfigure.jdbc.JdbcTemplateAutoConfiguration, org.springframework.boot.autoconfigure.liquibase.LiquibaseAutoConfiguration, org.springframework.boot.autoconfigure.orm.jpa.HibernateJpaAutoConfiguration, org.springframework.boot.autoconfigure.sql.init.SqlInitializationAutoConfiguration, org.springframework.boot.autoconfigure.transaction.TransactionAutoConfiguration, org.springframework.boot.test.autoconfigure.jdbc.TestDatabaseAutoConfiguration, org.springframework.boot.test.autoconfigure.orm.jpa.TestEntityManagerAutoConfiguration]], org.springframework.boot.test.context.filter.ExcludeFilterContextCustomizer@2b491fee, org.springframework.boot.test.json.DuplicateJsonObjectContextCustomizerFactory$DuplicateJsonObjectContextCustomizer@63192798, org.springframework.boot.test.mock.mockito.MockitoContextCustomizer@0, org.springframework.boot.test.context.SpringBootTestArgs@1, org.springframework.boot.test.context.SpringBootTestWebEnvironment@0], contextLoader = 'org.springframework.boot.test.context.SpringBootContextLoader', parent = [null]], attributes = map['org.springframework.test.context.event.ApplicationEventsTestExecutionListener.recordApplicationEvents' -> false]]; transaction manager [org.springframework.orm.jpa.JpaTransactionManager@2b6d9650]; rollback [true]
Hibernate: 
    select
        url0_.id as id1_0_,
        url0_.origin_url as origin_u2_0_,
        url0_.req_count as req_coun3_0_,
        url0_.short_url as short_ur4_0_ 
    from
        url url0_ 
    where
        url0_.origin_url=?
2022-06-13 22:50:12.363 TRACE 1201 --- [    Test worker] o.h.type.descriptor.sql.BasicBinder      : binding parameter [1] as [VARCHAR] - [www.google.com]
Hibernate: 
    call next value for hibernate_sequence
Hibernate: 
    insert 
    into
        url
        (origin_url, req_count, short_url, id) 
    values
        (?, ?, ?, ?)
2022-06-13 22:50:12.366 TRACE 1201 --- [    Test worker] o.h.type.descriptor.sql.BasicBinder      : binding parameter [1] as [VARCHAR] - [www.google.com]
2022-06-13 22:50:12.367 TRACE 1201 --- [    Test worker] o.h.type.descriptor.sql.BasicBinder      : binding parameter [2] as [BIGINT] - [0]
2022-06-13 22:50:12.367 TRACE 1201 --- [    Test worker] o.h.type.descriptor.sql.BasicBinder      : binding parameter [3] as [VARCHAR] - [null]
2022-06-13 22:50:12.367 TRACE 1201 --- [    Test worker] o.h.type.descriptor.sql.BasicBinder      : binding parameter [4] as [BIGINT] - [2]
Hibernate: 
    update
        url 
    set
        origin_url=?,
        req_count=?,
        short_url=? 
    where
        id=?
2022-06-13 22:50:12.368 TRACE 1201 --- [    Test worker] o.h.type.descriptor.sql.BasicBinder      : binding parameter [1] as [VARCHAR] - [www.google.com]
2022-06-13 22:50:12.368 TRACE 1201 --- [    Test worker] o.h.type.descriptor.sql.BasicBinder      : binding parameter [2] as [BIGINT] - [0]
2022-06-13 22:50:12.368 TRACE 1201 --- [    Test worker] o.h.type.descriptor.sql.BasicBinder      : binding parameter [3] as [VARCHAR] - [C]
2022-06-13 22:50:12.369 TRACE 1201 --- [    Test worker] o.h.type.descriptor.sql.BasicBinder      : binding parameter [4] as [BIGINT] - [2]
Hibernate: 
    select
        url0_.id as id1_0_,
        url0_.origin_url as origin_u2_0_,
        url0_.req_count as req_coun3_0_,
        url0_.short_url as short_ur4_0_ 
    from
        url url0_ 
    where
        url0_.short_url=?
2022-06-13 22:50:12.370 TRACE 1201 --- [    Test worker] o.h.type.descriptor.sql.BasicBinder      : binding parameter [1] as [VARCHAR] - [C]
2022-06-13 22:50:12.370 TRACE 1201 --- [    Test worker] o.h.type.descriptor.sql.BasicExtractor   : extracted value ([id1_0_] : [BIGINT]) - [2]
Hibernate: 
    update
        url 
    set
        origin_url=?,
        req_count=?,
        short_url=? 
    where
        id=?
2022-06-13 22:50:12.372 TRACE 1201 --- [    Test worker] o.h.type.descriptor.sql.BasicBinder      : binding parameter [1] as [VARCHAR] - [www.google.com]
2022-06-13 22:50:12.372 TRACE 1201 --- [    Test worker] o.h.type.descriptor.sql.BasicBinder      : binding parameter [2] as [BIGINT] - [1]
2022-06-13 22:50:12.372 TRACE 1201 --- [    Test worker] o.h.type.descriptor.sql.BasicBinder      : binding parameter [3] as [VARCHAR] - [C]
2022-06-13 22:50:12.372 TRACE 1201 --- [    Test worker] o.h.type.descriptor.sql.BasicBinder      : binding parameter [4] as [BIGINT] - [2]
Hibernate: 
    select
        url0_.id as id1_0_,
        url0_.origin_url as origin_u2_0_,
        url0_.req_count as req_coun3_0_,
        url0_.short_url as short_ur4_0_ 
    from
        url url0_ 
    where
        url0_.origin_url=?
2022-06-13 22:50:12.373 TRACE 1201 --- [    Test worker] o.h.type.descriptor.sql.BasicBinder      : binding parameter [1] as [VARCHAR] - [www.google.com]
2022-06-13 22:50:12.375 TRACE 1201 --- [    Test worker] o.h.type.descriptor.sql.BasicExtractor   : extracted value ([id1_0_] : [BIGINT]) - [2]
2022-06-13 22:50:12.380  INFO 1201 --- [    Test worker] o.s.t.c.transaction.TransactionContext   : Rolled back transaction for test: [DefaultTestContext@218e28d9 testClass = UrlServiceTest, testInstance = prgms.marco.springbooturlshortener.service.UrlServiceTest@64f34c91, testMethod = testFindOriginUrlByShortUrlSuccess@UrlServiceTest, testException = [null], mergedContextConfiguration = [MergedContextConfiguration@28ec92c9 testClass = UrlServiceTest, locations = '{}', classes = '{class prgms.marco.springbooturlshortener.UrlShortenerApplication}', contextInitializerClasses = '[]', activeProfiles = '{}', propertySourceLocations = '{}', propertySourceProperties = '{org.springframework.boot.test.autoconfigure.orm.jpa.DataJpaTestContextBootstrapper=true}', contextCustomizers = set[org.springframework.boot.test.autoconfigure.OverrideAutoConfigurationContextCustomizerFactory$DisableAutoConfigurationContextCustomizer@a8177f6, org.springframework.boot.test.autoconfigure.actuate.metrics.MetricsExportContextCustomizerFactory$DisableMetricExportContextCustomizer@269f4bad, org.springframework.boot.test.autoconfigure.filter.TypeExcludeFiltersContextCustomizer@351584c0, org.springframework.boot.test.autoconfigure.properties.PropertyMappingContextCustomizer@7169a3fb, org.springframework.boot.test.autoconfigure.web.servlet.WebDriverContextCustomizerFactory$Customizer@458342d3, [ImportsContextCustomizer@27115d45 key = [org.springframework.boot.autoconfigure.cache.CacheAutoConfiguration, org.springframework.boot.autoconfigure.data.jpa.JpaRepositoriesAutoConfiguration, org.springframework.boot.autoconfigure.flyway.FlywayAutoConfiguration, org.springframework.boot.autoconfigure.jdbc.DataSourceAutoConfiguration, org.springframework.boot.autoconfigure.jdbc.DataSourceTransactionManagerAutoConfiguration, org.springframework.boot.autoconfigure.jdbc.JdbcTemplateAutoConfiguration, org.springframework.boot.autoconfigure.liquibase.LiquibaseAutoConfiguration, org.springframework.boot.autoconfigure.orm.jpa.HibernateJpaAutoConfiguration, org.springframework.boot.autoconfigure.sql.init.SqlInitializationAutoConfiguration, org.springframework.boot.autoconfigure.transaction.TransactionAutoConfiguration, org.springframework.boot.test.autoconfigure.jdbc.TestDatabaseAutoConfiguration, org.springframework.boot.test.autoconfigure.orm.jpa.TestEntityManagerAutoConfiguration]], org.springframework.boot.test.context.filter.ExcludeFilterContextCustomizer@2b491fee, org.springframework.boot.test.json.DuplicateJsonObjectContextCustomizerFactory$DuplicateJsonObjectContextCustomizer@63192798, org.springframework.boot.test.mock.mockito.MockitoContextCustomizer@0, org.springframework.boot.test.context.SpringBootTestArgs@1, org.springframework.boot.test.context.SpringBootTestWebEnvironment@0], contextLoader = 'org.springframework.boot.test.context.SpringBootContextLoader', parent = [null]], attributes = map['org.springframework.test.context.event.ApplicationEventsTestExecutionListener.recordApplicationEvents' -> false]]
2022-06-13 22:50:12.384  INFO 1201 --- [    Test worker] o.s.t.c.transaction.TransactionContext   : Began transaction (1) for test context [DefaultTestContext@218e28d9 testClass = UrlServiceTest, testInstance = prgms.marco.springbooturlshortener.service.UrlServiceTest@1d82e396, testMethod = testCreateShortUrlSuccess@UrlServiceTest, testException = [null], mergedContextConfiguration = [MergedContextConfiguration@28ec92c9 testClass = UrlServiceTest, locations = '{}', classes = '{class prgms.marco.springbooturlshortener.UrlShortenerApplication}', contextInitializerClasses = '[]', activeProfiles = '{}', propertySourceLocations = '{}', propertySourceProperties = '{org.springframework.boot.test.autoconfigure.orm.jpa.DataJpaTestContextBootstrapper=true}', contextCustomizers = set[org.springframework.boot.test.autoconfigure.OverrideAutoConfigurationContextCustomizerFactory$DisableAutoConfigurationContextCustomizer@a8177f6, org.springframework.boot.test.autoconfigure.actuate.metrics.MetricsExportContextCustomizerFactory$DisableMetricExportContextCustomizer@269f4bad, org.springframework.boot.test.autoconfigure.filter.TypeExcludeFiltersContextCustomizer@351584c0, org.springframework.boot.test.autoconfigure.properties.PropertyMappingContextCustomizer@7169a3fb, org.springframework.boot.test.autoconfigure.web.servlet.WebDriverContextCustomizerFactory$Customizer@458342d3, [ImportsContextCustomizer@27115d45 key = [org.springframework.boot.autoconfigure.cache.CacheAutoConfiguration, org.springframework.boot.autoconfigure.data.jpa.JpaRepositoriesAutoConfiguration, org.springframework.boot.autoconfigure.flyway.FlywayAutoConfiguration, org.springframework.boot.autoconfigure.jdbc.DataSourceAutoConfiguration, org.springframework.boot.autoconfigure.jdbc.DataSourceTransactionManagerAutoConfiguration, org.springframework.boot.autoconfigure.jdbc.JdbcTemplateAutoConfiguration, org.springframework.boot.autoconfigure.liquibase.LiquibaseAutoConfiguration, org.springframework.boot.autoconfigure.orm.jpa.HibernateJpaAutoConfiguration, org.springframework.boot.autoconfigure.sql.init.SqlInitializationAutoConfiguration, org.springframework.boot.autoconfigure.transaction.TransactionAutoConfiguration, org.springframework.boot.test.autoconfigure.jdbc.TestDatabaseAutoConfiguration, org.springframework.boot.test.autoconfigure.orm.jpa.TestEntityManagerAutoConfiguration]], org.springframework.boot.test.context.filter.ExcludeFilterContextCustomizer@2b491fee, org.springframework.boot.test.json.DuplicateJsonObjectContextCustomizerFactory$DuplicateJsonObjectContextCustomizer@63192798, org.springframework.boot.test.mock.mockito.MockitoContextCustomizer@0, org.springframework.boot.test.context.SpringBootTestArgs@1, org.springframework.boot.test.context.SpringBootTestWebEnvironment@0], contextLoader = 'org.springframework.boot.test.context.SpringBootContextLoader', parent = [null]], attributes = map['org.springframework.test.context.event.ApplicationEventsTestExecutionListener.recordApplicationEvents' -> false]]; transaction manager [org.springframework.orm.jpa.JpaTransactionManager@2b6d9650]; rollback [true]
Hibernate: 
    select
        url0_.id as id1_0_,
        url0_.origin_url as origin_u2_0_,
        url0_.req_count as req_coun3_0_,
        url0_.short_url as short_ur4_0_ 
    from
        url url0_ 
    where
        url0_.origin_url=?
2022-06-13 22:50:12.387 TRACE 1201 --- [    Test worker] o.h.type.descriptor.sql.BasicBinder      : binding parameter [1] as [VARCHAR] - [www.naver.com]
Hibernate: 
    call next value for hibernate_sequence
Hibernate: 
    insert 
    into
        url
        (origin_url, req_count, short_url, id) 
    values
        (?, ?, ?, ?)
2022-06-13 22:50:12.390 TRACE 1201 --- [    Test worker] o.h.type.descriptor.sql.BasicBinder      : binding parameter [1] as [VARCHAR] - [www.naver.com]
2022-06-13 22:50:12.390 TRACE 1201 --- [    Test worker] o.h.type.descriptor.sql.BasicBinder      : binding parameter [2] as [BIGINT] - [0]
2022-06-13 22:50:12.390 TRACE 1201 --- [    Test worker] o.h.type.descriptor.sql.BasicBinder      : binding parameter [3] as [VARCHAR] - [null]
2022-06-13 22:50:12.390 TRACE 1201 --- [    Test worker] o.h.type.descriptor.sql.BasicBinder      : binding parameter [4] as [BIGINT] - [3]
Hibernate: 
    update
        url 
    set
        origin_url=?,
        req_count=?,
        short_url=? 
    where
        id=?
2022-06-13 22:50:12.391 TRACE 1201 --- [    Test worker] o.h.type.descriptor.sql.BasicBinder      : binding parameter [1] as [VARCHAR] - [www.naver.com]
2022-06-13 22:50:12.391 TRACE 1201 --- [    Test worker] o.h.type.descriptor.sql.BasicBinder      : binding parameter [2] as [BIGINT] - [0]
2022-06-13 22:50:12.392 TRACE 1201 --- [    Test worker] o.h.type.descriptor.sql.BasicBinder      : binding parameter [3] as [VARCHAR] - [D]
2022-06-13 22:50:12.392 TRACE 1201 --- [    Test worker] o.h.type.descriptor.sql.BasicBinder      : binding parameter [4] as [BIGINT] - [3]
Hibernate: 
    select
        url0_.id as id1_0_,
        url0_.origin_url as origin_u2_0_,
        url0_.req_count as req_coun3_0_,
        url0_.short_url as short_ur4_0_ 
    from
        url url0_ 
    where
        url0_.origin_url=?
2022-06-13 22:50:12.393 TRACE 1201 --- [    Test worker] o.h.type.descriptor.sql.BasicBinder      : binding parameter [1] as [VARCHAR] - [www.naver.com]
2022-06-13 22:50:12.394 TRACE 1201 --- [    Test worker] o.h.type.descriptor.sql.BasicExtractor   : extracted value ([id1_0_] : [BIGINT]) - [3]
2022-06-13 22:50:12.399  INFO 1201 --- [    Test worker] o.s.t.c.transaction.TransactionContext   : Rolled back transaction for test: [DefaultTestContext@218e28d9 testClass = UrlServiceTest, testInstance = prgms.marco.springbooturlshortener.service.UrlServiceTest@1d82e396, testMethod = testCreateShortUrlSuccess@UrlServiceTest, testException = [null], mergedContextConfiguration = [MergedContextConfiguration@28ec92c9 testClass = UrlServiceTest, locations = '{}', classes = '{class prgms.marco.springbooturlshortener.UrlShortenerApplication}', contextInitializerClasses = '[]', activeProfiles = '{}', propertySourceLocations = '{}', propertySourceProperties = '{org.springframework.boot.test.autoconfigure.orm.jpa.DataJpaTestContextBootstrapper=true}', contextCustomizers = set[org.springframework.boot.test.autoconfigure.OverrideAutoConfigurationContextCustomizerFactory$DisableAutoConfigurationContextCustomizer@a8177f6, org.springframework.boot.test.autoconfigure.actuate.metrics.MetricsExportContextCustomizerFactory$DisableMetricExportContextCustomizer@269f4bad, org.springframework.boot.test.autoconfigure.filter.TypeExcludeFiltersContextCustomizer@351584c0, org.springframework.boot.test.autoconfigure.properties.PropertyMappingContextCustomizer@7169a3fb, org.springframework.boot.test.autoconfigure.web.servlet.WebDriverContextCustomizerFactory$Customizer@458342d3, [ImportsContextCustomizer@27115d45 key = [org.springframework.boot.autoconfigure.cache.CacheAutoConfiguration, org.springframework.boot.autoconfigure.data.jpa.JpaRepositoriesAutoConfiguration, org.springframework.boot.autoconfigure.flyway.FlywayAutoConfiguration, org.springframework.boot.autoconfigure.jdbc.DataSourceAutoConfiguration, org.springframework.boot.autoconfigure.jdbc.DataSourceTransactionManagerAutoConfiguration, org.springframework.boot.autoconfigure.jdbc.JdbcTemplateAutoConfiguration, org.springframework.boot.autoconfigure.liquibase.LiquibaseAutoConfiguration, org.springframework.boot.autoconfigure.orm.jpa.HibernateJpaAutoConfiguration, org.springframework.boot.autoconfigure.sql.init.SqlInitializationAutoConfiguration, org.springframework.boot.autoconfigure.transaction.TransactionAutoConfiguration, org.springframework.boot.test.autoconfigure.jdbc.TestDatabaseAutoConfiguration, org.springframework.boot.test.autoconfigure.orm.jpa.TestEntityManagerAutoConfiguration]], org.springframework.boot.test.context.filter.ExcludeFilterContextCustomizer@2b491fee, org.springframework.boot.test.json.DuplicateJsonObjectContextCustomizerFactory$DuplicateJsonObjectContextCustomizer@63192798, org.springframework.boot.test.mock.mockito.MockitoContextCustomizer@0, org.springframework.boot.test.context.SpringBootTestArgs@1, org.springframework.boot.test.context.SpringBootTestWebEnvironment@0], contextLoader = 'org.springframework.boot.test.context.SpringBootContextLoader', parent = [null]], attributes = map['org.springframework.test.context.event.ApplicationEventsTestExecutionListener.recordApplicationEvents' -> false]]
2022-06-13 22:50:12.403  INFO 1201 --- [    Test worker] o.s.t.c.transaction.TransactionContext   : Began transaction (1) for test context [DefaultTestContext@218e28d9 testClass = UrlServiceTest, testInstance = prgms.marco.springbooturlshortener.service.UrlServiceTest@5d8de4bd, testMethod = testCreateShortUrlFail@UrlServiceTest, testException = [null], mergedContextConfiguration = [MergedContextConfiguration@28ec92c9 testClass = UrlServiceTest, locations = '{}', classes = '{class prgms.marco.springbooturlshortener.UrlShortenerApplication}', contextInitializerClasses = '[]', activeProfiles = '{}', propertySourceLocations = '{}', propertySourceProperties = '{org.springframework.boot.test.autoconfigure.orm.jpa.DataJpaTestContextBootstrapper=true}', contextCustomizers = set[org.springframework.boot.test.autoconfigure.OverrideAutoConfigurationContextCustomizerFactory$DisableAutoConfigurationContextCustomizer@a8177f6, org.springframework.boot.test.autoconfigure.actuate.metrics.MetricsExportContextCustomizerFactory$DisableMetricExportContextCustomizer@269f4bad, org.springframework.boot.test.autoconfigure.filter.TypeExcludeFiltersContextCustomizer@351584c0, org.springframework.boot.test.autoconfigure.properties.PropertyMappingContextCustomizer@7169a3fb, org.springframework.boot.test.autoconfigure.web.servlet.WebDriverContextCustomizerFactory$Customizer@458342d3, [ImportsContextCustomizer@27115d45 key = [org.springframework.boot.autoconfigure.cache.CacheAutoConfiguration, org.springframework.boot.autoconfigure.data.jpa.JpaRepositoriesAutoConfiguration, org.springframework.boot.autoconfigure.flyway.FlywayAutoConfiguration, org.springframework.boot.autoconfigure.jdbc.DataSourceAutoConfiguration, org.springframework.boot.autoconfigure.jdbc.DataSourceTransactionManagerAutoConfiguration, org.springframework.boot.autoconfigure.jdbc.JdbcTemplateAutoConfiguration, org.springframework.boot.autoconfigure.liquibase.LiquibaseAutoConfiguration, org.springframework.boot.autoconfigure.orm.jpa.HibernateJpaAutoConfiguration, org.springframework.boot.autoconfigure.sql.init.SqlInitializationAutoConfiguration, org.springframework.boot.autoconfigure.transaction.TransactionAutoConfiguration, org.springframework.boot.test.autoconfigure.jdbc.TestDatabaseAutoConfiguration, org.springframework.boot.test.autoconfigure.orm.jpa.TestEntityManagerAutoConfiguration]], org.springframework.boot.test.context.filter.ExcludeFilterContextCustomizer@2b491fee, org.springframework.boot.test.json.DuplicateJsonObjectContextCustomizerFactory$DuplicateJsonObjectContextCustomizer@63192798, org.springframework.boot.test.mock.mockito.MockitoContextCustomizer@0, org.springframework.boot.test.context.SpringBootTestArgs@1, org.springframework.boot.test.context.SpringBootTestWebEnvironment@0], contextLoader = 'org.springframework.boot.test.context.SpringBootContextLoader', parent = [null]], attributes = map['org.springframework.test.context.event.ApplicationEventsTestExecutionListener.recordApplicationEvents' -> false]]; transaction manager [org.springframework.orm.jpa.JpaTransactionManager@2b6d9650]; rollback [true]
Hibernate: 
    select
        url0_.id as id1_0_,
        url0_.origin_url as origin_u2_0_,
        url0_.req_count as req_coun3_0_,
        url0_.short_url as short_ur4_0_ 
    from
        url url0_ 
    where
        url0_.origin_url=?
2022-06-13 22:50:12.406 TRACE 1201 --- [    Test worker] o.h.type.descriptor.sql.BasicBinder      : binding parameter [1] as [VARCHAR] - [www.google.com]
Hibernate: 
    call next value for hibernate_sequence
Hibernate: 
    insert 
    into
        url
        (origin_url, req_count, short_url, id) 
    values
        (?, ?, ?, ?)
2022-06-13 22:50:12.411 TRACE 1201 --- [    Test worker] o.h.type.descriptor.sql.BasicBinder      : binding parameter [1] as [VARCHAR] - [www.google.com]
2022-06-13 22:50:12.411 TRACE 1201 --- [    Test worker] o.h.type.descriptor.sql.BasicBinder      : binding parameter [2] as [BIGINT] - [0]
2022-06-13 22:50:12.411 TRACE 1201 --- [    Test worker] o.h.type.descriptor.sql.BasicBinder      : binding parameter [3] as [VARCHAR] - [null]
2022-06-13 22:50:12.411 TRACE 1201 --- [    Test worker] o.h.type.descriptor.sql.BasicBinder      : binding parameter [4] as [BIGINT] - [4]
Hibernate: 
    update
        url 
    set
        origin_url=?,
        req_count=?,
        short_url=? 
    where
        id=?
2022-06-13 22:50:12.413 TRACE 1201 --- [    Test worker] o.h.type.descriptor.sql.BasicBinder      : binding parameter [1] as [VARCHAR] - [www.google.com]
2022-06-13 22:50:12.413 TRACE 1201 --- [    Test worker] o.h.type.descriptor.sql.BasicBinder      : binding parameter [2] as [BIGINT] - [0]
2022-06-13 22:50:12.413 TRACE 1201 --- [    Test worker] o.h.type.descriptor.sql.BasicBinder      : binding parameter [3] as [VARCHAR] - [E]
2022-06-13 22:50:12.413 TRACE 1201 --- [    Test worker] o.h.type.descriptor.sql.BasicBinder      : binding parameter [4] as [BIGINT] - [4]
Hibernate: 
    select
        url0_.id as id1_0_,
        url0_.origin_url as origin_u2_0_,
        url0_.req_count as req_coun3_0_,
        url0_.short_url as short_ur4_0_ 
    from
        url url0_ 
    where
        url0_.origin_url=?
2022-06-13 22:50:12.414 TRACE 1201 --- [    Test worker] o.h.type.descriptor.sql.BasicBinder      : binding parameter [1] as [VARCHAR] - [www.google.com]
2022-06-13 22:50:12.415 TRACE 1201 --- [    Test worker] o.h.type.descriptor.sql.BasicExtractor   : extracted value ([id1_0_] : [BIGINT]) - [4]
Hibernate: 
    select
        url0_.id as id1_0_,
        url0_.origin_url as origin_u2_0_,
        url0_.req_count as req_coun3_0_,
        url0_.short_url as short_ur4_0_ 
    from
        url url0_ 
    where
        url0_.origin_url=?
2022-06-13 22:50:12.416 TRACE 1201 --- [    Test worker] o.h.type.descriptor.sql.BasicBinder      : binding parameter [1] as [VARCHAR] - [www.google.com]
2022-06-13 22:50:12.417 TRACE 1201 --- [    Test worker] o.h.type.descriptor.sql.BasicExtractor   : extracted value ([id1_0_] : [BIGINT]) - [4]
2022-06-13 22:50:12.421  INFO 1201 --- [    Test worker] o.s.t.c.transaction.TransactionContext   : Rolled back transaction for test: [DefaultTestContext@218e28d9 testClass = UrlServiceTest, testInstance = prgms.marco.springbooturlshortener.service.UrlServiceTest@5d8de4bd, testMethod = testCreateShortUrlFail@UrlServiceTest, testException = [null], mergedContextConfiguration = [MergedContextConfiguration@28ec92c9 testClass = UrlServiceTest, locations = '{}', classes = '{class prgms.marco.springbooturlshortener.UrlShortenerApplication}', contextInitializerClasses = '[]', activeProfiles = '{}', propertySourceLocations = '{}', propertySourceProperties = '{org.springframework.boot.test.autoconfigure.orm.jpa.DataJpaTestContextBootstrapper=true}', contextCustomizers = set[org.springframework.boot.test.autoconfigure.OverrideAutoConfigurationContextCustomizerFactory$DisableAutoConfigurationContextCustomizer@a8177f6, org.springframework.boot.test.autoconfigure.actuate.metrics.MetricsExportContextCustomizerFactory$DisableMetricExportContextCustomizer@269f4bad, org.springframework.boot.test.autoconfigure.filter.TypeExcludeFiltersContextCustomizer@351584c0, org.springframework.boot.test.autoconfigure.properties.PropertyMappingContextCustomizer@7169a3fb, org.springframework.boot.test.autoconfigure.web.servlet.WebDriverContextCustomizerFactory$Customizer@458342d3, [ImportsContextCustomizer@27115d45 key = [org.springframework.boot.autoconfigure.cache.CacheAutoConfiguration, org.springframework.boot.autoconfigure.data.jpa.JpaRepositoriesAutoConfiguration, org.springframework.boot.autoconfigure.flyway.FlywayAutoConfiguration, org.springframework.boot.autoconfigure.jdbc.DataSourceAutoConfiguration, org.springframework.boot.autoconfigure.jdbc.DataSourceTransactionManagerAutoConfiguration, org.springframework.boot.autoconfigure.jdbc.JdbcTemplateAutoConfiguration, org.springframework.boot.autoconfigure.liquibase.LiquibaseAutoConfiguration, org.springframework.boot.autoconfigure.orm.jpa.HibernateJpaAutoConfiguration, org.springframework.boot.autoconfigure.sql.init.SqlInitializationAutoConfiguration, org.springframework.boot.autoconfigure.transaction.TransactionAutoConfiguration, org.springframework.boot.test.autoconfigure.jdbc.TestDatabaseAutoConfiguration, org.springframework.boot.test.autoconfigure.orm.jpa.TestEntityManagerAutoConfiguration]], org.springframework.boot.test.context.filter.ExcludeFilterContextCustomizer@2b491fee, org.springframework.boot.test.json.DuplicateJsonObjectContextCustomizerFactory$DuplicateJsonObjectContextCustomizer@63192798, org.springframework.boot.test.mock.mockito.MockitoContextCustomizer@0, org.springframework.boot.test.context.SpringBootTestArgs@1, org.springframework.boot.test.context.SpringBootTestWebEnvironment@0], contextLoader = 'org.springframework.boot.test.context.SpringBootContextLoader', parent = [null]], attributes = map['org.springframework.test.context.event.ApplicationEventsTestExecutionListener.recordApplicationEvents' -> false]]
]]></system-out>
  <system-err><![CDATA[]]></system-err>
</testsuite>
