<?xml version="1.0" encoding="UTF-8"?>
<testsuite name="prgms.marco.springbooturlshortener.UrlShortenerApplicationTests" tests="1" skipped="0" failures="0" errors="0" timestamp="2022-06-13T13:50:11" hostname="hyuks-MacBookPro.local" time="0.001">
  <properties/>
  <testcase name="contextLoads()" classname="prgms.marco.springbooturlshortener.UrlShortenerApplicationTests" time="0.001"/>
  <system-out><![CDATA[2022-06-13 22:50:10.970  INFO 1201 --- [    Test worker] .b.t.c.SpringBootTestContextBootstrapper : Neither @ContextConfiguration nor @ContextHierarchy found for test class [prgms.marco.springbooturlshortener.UrlShortenerApplicationTests], using SpringBootContextLoader
2022-06-13 22:50:10.971  INFO 1201 --- [    Test worker] o.s.t.c.support.AbstractContextLoader    : Could not detect default resource locations for test class [prgms.marco.springbooturlshortener.UrlShortenerApplicationTests]: no resource found for suffixes {-context.xml, Context.groovy}.
2022-06-13 22:50:10.971  INFO 1201 --- [    Test worker] t.c.s.AnnotationConfigContextLoaderUtils : Could not detect default configuration classes for test class [prgms.marco.springbooturlshortener.UrlShortenerApplicationTests]: UrlShortenerApplicationTests does not declare any static, non-private, non-final, nested classes annotated with @Configuration.
2022-06-13 22:50:10.973  INFO 1201 --- [    Test worker] .b.t.c.SpringBootTestContextBootstrapper : Found @SpringBootConfiguration prgms.marco.springbooturlshortener.UrlShortenerApplication for test class prgms.marco.springbooturlshortener.UrlShortenerApplicationTests
2022-06-13 22:50:10.976  INFO 1201 --- [    Test worker] .b.t.c.SpringBootTestContextBootstrapper : Loaded default TestExecutionListener class names from location [META-INF/spring.factories]: [org.springframework.test.context.web.ServletTestExecutionListener, org.springframework.test.context.support.DirtiesContextBeforeModesTestExecutionListener, org.springframework.test.context.event.ApplicationEventsTestExecutionListener, org.springframework.test.context.support.DependencyInjectionTestExecutionListener, org.springframework.test.context.support.DirtiesContextTestExecutionListener, org.springframework.test.context.transaction.TransactionalTestExecutionListener, org.springframework.test.context.jdbc.SqlScriptsTestExecutionListener, org.springframework.test.context.event.EventPublishingTestExecutionListener, org.springframework.boot.test.autoconfigure.restdocs.RestDocsTestExecutionListener, org.springframework.boot.test.autoconfigure.web.client.MockRestServiceServerResetTestExecutionListener, org.springframework.boot.test.autoconfigure.web.servlet.MockMvcPrintOnlyOnFailureTestExecutionListener, org.springframework.boot.test.autoconfigure.web.servlet.WebDriverTestExecutionListener, org.springframework.boot.test.autoconfigure.webservices.client.MockWebServiceServerTestExecutionListener, org.springframework.boot.test.mock.mockito.MockitoTestExecutionListener, org.springframework.boot.test.mock.mockito.ResetMocksTestExecutionListener]
2022-06-13 22:50:10.976  INFO 1201 --- [    Test worker] .b.t.c.SpringBootTestContextBootstrapper : Using TestExecutionListeners: [org.springframework.test.context.web.ServletTestExecutionListener@252f00ba, org.springframework.test.context.support.DirtiesContextBeforeModesTestExecutionListener@4667c6d9, org.springframework.test.context.event.ApplicationEventsTestExecutionListener@5efa05f9, org.springframework.boot.test.mock.mockito.MockitoTestExecutionListener@515555b, org.springframework.boot.test.autoconfigure.SpringBootDependencyInjectionTestExecutionListener@58e2af93, org.springframework.test.context.support.DirtiesContextTestExecutionListener@204beb58, org.springframework.test.context.transaction.TransactionalTestExecutionListener@2e10f765, org.springframework.test.context.jdbc.SqlScriptsTestExecutionListener@100d071, org.springframework.test.context.event.EventPublishingTestExecutionListener@4c5379f5, org.springframework.boot.test.autoconfigure.restdocs.RestDocsTestExecutionListener@333d5a0c, org.springframework.boot.test.autoconfigure.web.client.MockRestServiceServerResetTestExecutionListener@1abf38d1, org.springframework.boot.test.autoconfigure.web.servlet.MockMvcPrintOnlyOnFailureTestExecutionListener@1d3bf0af, org.springframework.boot.test.autoconfigure.web.servlet.WebDriverTestExecutionListener@4af0ae2c, org.springframework.boot.test.autoconfigure.webservices.client.MockWebServiceServerTestExecutionListener@13446044, org.springframework.boot.test.mock.mockito.ResetMocksTestExecutionListener@705ebb4d]

  .   ____          _            __ _ _
 /\\ / ___'_ __ _ _(_)_ __  __ _ \ \ \ \
( ( )\___ | '_ | '_| | '_ \/ _` | \ \ \ \
 \\/  ___)| |_)| | | | | || (_| |  ) ) ) )
  '  |____| .__|_| |_|_| |_\__, | / / / /
 =========|_|==============|___/=/_/_/_/
 :: Spring Boot ::                (v2.7.0)

2022-06-13 22:50:10.999  INFO 1201 --- [    Test worker] p.m.s.UrlShortenerApplicationTests       : Starting UrlShortenerApplicationTests using Java 11.0.11 on hyuks-MacBookPro.local with PID 1201 (started by hyuk in /Users/hyuk/study/github-actions-test)
2022-06-13 22:50:10.999  INFO 1201 --- [    Test worker] p.m.s.UrlShortenerApplicationTests       : No active profile set, falling back to 1 default profile: "default"
2022-06-13 22:50:11.149  INFO 1201 --- [    Test worker] .s.d.r.c.RepositoryConfigurationDelegate : Bootstrapping Spring Data JPA repositories in DEFAULT mode.
2022-06-13 22:50:11.155  INFO 1201 --- [    Test worker] .s.d.r.c.RepositoryConfigurationDelegate : Finished Spring Data repository scanning in 6 ms. Found 1 JPA repository interfaces.
2022-06-13 22:50:11.291  INFO 1201 --- [    Test worker] o.hibernate.jpa.internal.util.LogHelper  : HHH000204: Processing PersistenceUnitInfo [name: default]
2022-06-13 22:50:11.294 DEBUG 1201 --- [    Test worker] org.hibernate.type.BasicTypeRegistry     : Adding type registration boolean -> org.hibernate.type.BooleanType@77c23d90
2022-06-13 22:50:11.295 DEBUG 1201 --- [    Test worker] org.hibernate.type.BasicTypeRegistry     : Adding type registration boolean -> org.hibernate.type.BooleanType@77c23d90
2022-06-13 22:50:11.295 DEBUG 1201 --- [    Test worker] org.hibernate.type.BasicTypeRegistry     : Adding type registration java.lang.Boolean -> org.hibernate.type.BooleanType@77c23d90
2022-06-13 22:50:11.295 DEBUG 1201 --- [    Test worker] org.hibernate.type.BasicTypeRegistry     : Adding type registration numeric_boolean -> org.hibernate.type.NumericBooleanType@6133e20b
2022-06-13 22:50:11.295 DEBUG 1201 --- [    Test worker] org.hibernate.type.BasicTypeRegistry     : Adding type registration true_false -> org.hibernate.type.TrueFalseType@43deba42
2022-06-13 22:50:11.295 DEBUG 1201 --- [    Test worker] org.hibernate.type.BasicTypeRegistry     : Adding type registration yes_no -> org.hibernate.type.YesNoType@2a7ebe07
2022-06-13 22:50:11.295 DEBUG 1201 --- [    Test worker] org.hibernate.type.BasicTypeRegistry     : Adding type registration byte -> org.hibernate.type.ByteType@3095d401
2022-06-13 22:50:11.295 DEBUG 1201 --- [    Test worker] org.hibernate.type.BasicTypeRegistry     : Adding type registration byte -> org.hibernate.type.ByteType@3095d401
2022-06-13 22:50:11.295 DEBUG 1201 --- [    Test worker] org.hibernate.type.BasicTypeRegistry     : Adding type registration java.lang.Byte -> org.hibernate.type.ByteType@3095d401
2022-06-13 22:50:11.296 DEBUG 1201 --- [    Test worker] org.hibernate.type.BasicTypeRegistry     : Adding type registration character -> org.hibernate.type.CharacterType@4d290757
2022-06-13 22:50:11.296 DEBUG 1201 --- [    Test worker] org.hibernate.type.BasicTypeRegistry     : Adding type registration char -> org.hibernate.type.CharacterType@4d290757
2022-06-13 22:50:11.296 DEBUG 1201 --- [    Test worker] org.hibernate.type.BasicTypeRegistry     : Adding type registration java.lang.Character -> org.hibernate.type.CharacterType@4d290757
2022-06-13 22:50:11.296 DEBUG 1201 --- [    Test worker] org.hibernate.type.BasicTypeRegistry     : Adding type registration short -> org.hibernate.type.ShortType@1f45db49
2022-06-13 22:50:11.296 DEBUG 1201 --- [    Test worker] org.hibernate.type.BasicTypeRegistry     : Adding type registration short -> org.hibernate.type.ShortType@1f45db49
2022-06-13 22:50:11.296 DEBUG 1201 --- [    Test worker] org.hibernate.type.BasicTypeRegistry     : Adding type registration java.lang.Short -> org.hibernate.type.ShortType@1f45db49
2022-06-13 22:50:11.296 DEBUG 1201 --- [    Test worker] org.hibernate.type.BasicTypeRegistry     : Adding type registration integer -> org.hibernate.type.IntegerType@1bb96449
2022-06-13 22:50:11.296 DEBUG 1201 --- [    Test worker] org.hibernate.type.BasicTypeRegistry     : Adding type registration int -> org.hibernate.type.IntegerType@1bb96449
2022-06-13 22:50:11.297 DEBUG 1201 --- [    Test worker] org.hibernate.type.BasicTypeRegistry     : Adding type registration java.lang.Integer -> org.hibernate.type.IntegerType@1bb96449
2022-06-13 22:50:11.297 DEBUG 1201 --- [    Test worker] org.hibernate.type.BasicTypeRegistry     : Adding type registration long -> org.hibernate.type.LongType@7cca31fc
2022-06-13 22:50:11.297 DEBUG 1201 --- [    Test worker] org.hibernate.type.BasicTypeRegistry     : Adding type registration long -> org.hibernate.type.LongType@7cca31fc
2022-06-13 22:50:11.297 DEBUG 1201 --- [    Test worker] org.hibernate.type.BasicTypeRegistry     : Adding type registration java.lang.Long -> org.hibernate.type.LongType@7cca31fc
2022-06-13 22:50:11.297 DEBUG 1201 --- [    Test worker] org.hibernate.type.BasicTypeRegistry     : Adding type registration float -> org.hibernate.type.FloatType@1b791dca
2022-06-13 22:50:11.297 DEBUG 1201 --- [    Test worker] org.hibernate.type.BasicTypeRegistry     : Adding type registration float -> org.hibernate.type.FloatType@1b791dca
2022-06-13 22:50:11.297 DEBUG 1201 --- [    Test worker] org.hibernate.type.BasicTypeRegistry     : Adding type registration java.lang.Float -> org.hibernate.type.FloatType@1b791dca
2022-06-13 22:50:11.297 DEBUG 1201 --- [    Test worker] org.hibernate.type.BasicTypeRegistry     : Adding type registration double -> org.hibernate.type.DoubleType@505f45cc
2022-06-13 22:50:11.297 DEBUG 1201 --- [    Test worker] org.hibernate.type.BasicTypeRegistry     : Adding type registration double -> org.hibernate.type.DoubleType@505f45cc
2022-06-13 22:50:11.297 DEBUG 1201 --- [    Test worker] org.hibernate.type.BasicTypeRegistry     : Adding type registration java.lang.Double -> org.hibernate.type.DoubleType@505f45cc
2022-06-13 22:50:11.298 DEBUG 1201 --- [    Test worker] org.hibernate.type.BasicTypeRegistry     : Adding type registration big_decimal -> org.hibernate.type.BigDecimalType@1669931a
2022-06-13 22:50:11.298 DEBUG 1201 --- [    Test worker] org.hibernate.type.BasicTypeRegistry     : Adding type registration java.math.BigDecimal -> org.hibernate.type.BigDecimalType@1669931a
2022-06-13 22:50:11.298 DEBUG 1201 --- [    Test worker] org.hibernate.type.BasicTypeRegistry     : Adding type registration big_integer -> org.hibernate.type.BigIntegerType@28831d69
2022-06-13 22:50:11.298 DEBUG 1201 --- [    Test worker] org.hibernate.type.BasicTypeRegistry     : Adding type registration java.math.BigInteger -> org.hibernate.type.BigIntegerType@28831d69
2022-06-13 22:50:11.298 DEBUG 1201 --- [    Test worker] org.hibernate.type.BasicTypeRegistry     : Adding type registration string -> org.hibernate.type.StringType@4e2cdc51
2022-06-13 22:50:11.298 DEBUG 1201 --- [    Test worker] org.hibernate.type.BasicTypeRegistry     : Adding type registration java.lang.String -> org.hibernate.type.StringType@4e2cdc51
2022-06-13 22:50:11.298 DEBUG 1201 --- [    Test worker] org.hibernate.type.BasicTypeRegistry     : Adding type registration nstring -> org.hibernate.type.StringNVarcharType@49e479da
2022-06-13 22:50:11.298 DEBUG 1201 --- [    Test worker] org.hibernate.type.BasicTypeRegistry     : Adding type registration ncharacter -> org.hibernate.type.CharacterNCharType@2c16677c
2022-06-13 22:50:11.299 DEBUG 1201 --- [    Test worker] org.hibernate.type.BasicTypeRegistry     : Adding type registration url -> org.hibernate.type.UrlType@75e0a54c
2022-06-13 22:50:11.299 DEBUG 1201 --- [    Test worker] org.hibernate.type.BasicTypeRegistry     : Adding type registration java.net.URL -> org.hibernate.type.UrlType@75e0a54c
2022-06-13 22:50:11.299 DEBUG 1201 --- [    Test worker] org.hibernate.type.BasicTypeRegistry     : Adding type registration Duration -> org.hibernate.type.DurationType@734a149a
2022-06-13 22:50:11.299 DEBUG 1201 --- [    Test worker] org.hibernate.type.BasicTypeRegistry     : Adding type registration java.time.Duration -> org.hibernate.type.DurationType@734a149a
2022-06-13 22:50:11.299 DEBUG 1201 --- [    Test worker] org.hibernate.type.BasicTypeRegistry     : Adding type registration Instant -> org.hibernate.type.InstantType@7893c715
2022-06-13 22:50:11.299 DEBUG 1201 --- [    Test worker] org.hibernate.type.BasicTypeRegistry     : Adding type registration java.time.Instant -> org.hibernate.type.InstantType@7893c715
2022-06-13 22:50:11.299 DEBUG 1201 --- [    Test worker] org.hibernate.type.BasicTypeRegistry     : Adding type registration LocalDateTime -> org.hibernate.type.LocalDateTimeType@5c5f0edc
2022-06-13 22:50:11.299 DEBUG 1201 --- [    Test worker] org.hibernate.type.BasicTypeRegistry     : Adding type registration java.time.LocalDateTime -> org.hibernate.type.LocalDateTimeType@5c5f0edc
2022-06-13 22:50:11.299 DEBUG 1201 --- [    Test worker] org.hibernate.type.BasicTypeRegistry     : Adding type registration LocalDate -> org.hibernate.type.LocalDateType@5f935d49
2022-06-13 22:50:11.299 DEBUG 1201 --- [    Test worker] org.hibernate.type.BasicTypeRegistry     : Adding type registration java.time.LocalDate -> org.hibernate.type.LocalDateType@5f935d49
2022-06-13 22:50:11.300 DEBUG 1201 --- [    Test worker] org.hibernate.type.BasicTypeRegistry     : Adding type registration LocalTime -> org.hibernate.type.LocalTimeType@18e6b72b
2022-06-13 22:50:11.300 DEBUG 1201 --- [    Test worker] org.hibernate.type.BasicTypeRegistry     : Adding type registration java.time.LocalTime -> org.hibernate.type.LocalTimeType@18e6b72b
2022-06-13 22:50:11.300 DEBUG 1201 --- [    Test worker] org.hibernate.type.BasicTypeRegistry     : Adding type registration OffsetDateTime -> org.hibernate.type.OffsetDateTimeType@5e3d2765
2022-06-13 22:50:11.300 DEBUG 1201 --- [    Test worker] org.hibernate.type.BasicTypeRegistry     : Adding type registration java.time.OffsetDateTime -> org.hibernate.type.OffsetDateTimeType@5e3d2765
2022-06-13 22:50:11.300 DEBUG 1201 --- [    Test worker] org.hibernate.type.BasicTypeRegistry     : Adding type registration OffsetTime -> org.hibernate.type.OffsetTimeType@13cc31ae
2022-06-13 22:50:11.300 DEBUG 1201 --- [    Test worker] org.hibernate.type.BasicTypeRegistry     : Adding type registration java.time.OffsetTime -> org.hibernate.type.OffsetTimeType@13cc31ae
2022-06-13 22:50:11.300 DEBUG 1201 --- [    Test worker] org.hibernate.type.BasicTypeRegistry     : Adding type registration ZonedDateTime -> org.hibernate.type.ZonedDateTimeType@5885e231
2022-06-13 22:50:11.300 DEBUG 1201 --- [    Test worker] org.hibernate.type.BasicTypeRegistry     : Adding type registration java.time.ZonedDateTime -> org.hibernate.type.ZonedDateTimeType@5885e231
2022-06-13 22:50:11.300 DEBUG 1201 --- [    Test worker] org.hibernate.type.BasicTypeRegistry     : Adding type registration date -> org.hibernate.type.DateType@d49e8c6
2022-06-13 22:50:11.300 DEBUG 1201 --- [    Test worker] org.hibernate.type.BasicTypeRegistry     : Adding type registration java.sql.Date -> org.hibernate.type.DateType@d49e8c6
2022-06-13 22:50:11.300 DEBUG 1201 --- [    Test worker] org.hibernate.type.BasicTypeRegistry     : Adding type registration time -> org.hibernate.type.TimeType@74a85515
2022-06-13 22:50:11.301 DEBUG 1201 --- [    Test worker] org.hibernate.type.BasicTypeRegistry     : Adding type registration java.sql.Time -> org.hibernate.type.TimeType@74a85515
2022-06-13 22:50:11.301 DEBUG 1201 --- [    Test worker] org.hibernate.type.BasicTypeRegistry     : Adding type registration timestamp -> org.hibernate.type.TimestampType@6f986501
2022-06-13 22:50:11.301 DEBUG 1201 --- [    Test worker] org.hibernate.type.BasicTypeRegistry     : Adding type registration java.sql.Timestamp -> org.hibernate.type.TimestampType@6f986501
2022-06-13 22:50:11.301 DEBUG 1201 --- [    Test worker] org.hibernate.type.BasicTypeRegistry     : Adding type registration java.util.Date -> org.hibernate.type.TimestampType@6f986501
2022-06-13 22:50:11.301 DEBUG 1201 --- [    Test worker] org.hibernate.type.BasicTypeRegistry     : Adding type registration dbtimestamp -> org.hibernate.type.DbTimestampType@78288f83
2022-06-13 22:50:11.301 DEBUG 1201 --- [    Test worker] org.hibernate.type.BasicTypeRegistry     : Adding type registration calendar -> org.hibernate.type.CalendarType@4b544732
2022-06-13 22:50:11.301 DEBUG 1201 --- [    Test worker] org.hibernate.type.BasicTypeRegistry     : Adding type registration java.util.Calendar -> org.hibernate.type.CalendarType@4b544732
2022-06-13 22:50:11.301 DEBUG 1201 --- [    Test worker] org.hibernate.type.BasicTypeRegistry     : Adding type registration java.util.GregorianCalendar -> org.hibernate.type.CalendarType@4b544732
2022-06-13 22:50:11.301 DEBUG 1201 --- [    Test worker] org.hibernate.type.BasicTypeRegistry     : Adding type registration calendar_date -> org.hibernate.type.CalendarDateType@350bbd5d
2022-06-13 22:50:11.301 DEBUG 1201 --- [    Test worker] org.hibernate.type.BasicTypeRegistry     : Adding type registration calendar_time -> org.hibernate.type.CalendarTimeType@7d28cdcd
2022-06-13 22:50:11.301 DEBUG 1201 --- [    Test worker] org.hibernate.type.BasicTypeRegistry     : Adding type registration locale -> org.hibernate.type.LocaleType@20820df0
2022-06-13 22:50:11.302 DEBUG 1201 --- [    Test worker] org.hibernate.type.BasicTypeRegistry     : Adding type registration java.util.Locale -> org.hibernate.type.LocaleType@20820df0
2022-06-13 22:50:11.302 DEBUG 1201 --- [    Test worker] org.hibernate.type.BasicTypeRegistry     : Adding type registration currency -> org.hibernate.type.CurrencyType@6fde6f05
2022-06-13 22:50:11.302 DEBUG 1201 --- [    Test worker] org.hibernate.type.BasicTypeRegistry     : Adding type registration java.util.Currency -> org.hibernate.type.CurrencyType@6fde6f05
2022-06-13 22:50:11.302 DEBUG 1201 --- [    Test worker] org.hibernate.type.BasicTypeRegistry     : Adding type registration timezone -> org.hibernate.type.TimeZoneType@7530090a
2022-06-13 22:50:11.302 DEBUG 1201 --- [    Test worker] org.hibernate.type.BasicTypeRegistry     : Adding type registration java.util.TimeZone -> org.hibernate.type.TimeZoneType@7530090a
2022-06-13 22:50:11.302 DEBUG 1201 --- [    Test worker] org.hibernate.type.BasicTypeRegistry     : Adding type registration class -> org.hibernate.type.ClassType@7bfa1eb5
2022-06-13 22:50:11.302 DEBUG 1201 --- [    Test worker] org.hibernate.type.BasicTypeRegistry     : Adding type registration java.lang.Class -> org.hibernate.type.ClassType@7bfa1eb5
2022-06-13 22:50:11.302 DEBUG 1201 --- [    Test worker] org.hibernate.type.BasicTypeRegistry     : Adding type registration uuid-binary -> org.hibernate.type.UUIDBinaryType@8383a14
2022-06-13 22:50:11.302 DEBUG 1201 --- [    Test worker] org.hibernate.type.BasicTypeRegistry     : Adding type registration java.util.UUID -> org.hibernate.type.UUIDBinaryType@8383a14
2022-06-13 22:50:11.302 DEBUG 1201 --- [    Test worker] org.hibernate.type.BasicTypeRegistry     : Adding type registration uuid-char -> org.hibernate.type.UUIDCharType@7e3ee128
2022-06-13 22:50:11.303 DEBUG 1201 --- [    Test worker] org.hibernate.type.BasicTypeRegistry     : Adding type registration binary -> org.hibernate.type.BinaryType@7ed7ae
2022-06-13 22:50:11.303 DEBUG 1201 --- [    Test worker] org.hibernate.type.BasicTypeRegistry     : Adding type registration byte[] -> org.hibernate.type.BinaryType@7ed7ae
2022-06-13 22:50:11.303 DEBUG 1201 --- [    Test worker] org.hibernate.type.BasicTypeRegistry     : Adding type registration [B -> org.hibernate.type.BinaryType@7ed7ae
2022-06-13 22:50:11.303 DEBUG 1201 --- [    Test worker] org.hibernate.type.BasicTypeRegistry     : Adding type registration wrapper-binary -> org.hibernate.type.WrapperBinaryType@4fe2dd02
2022-06-13 22:50:11.303 DEBUG 1201 --- [    Test worker] org.hibernate.type.BasicTypeRegistry     : Adding type registration Byte[] -> org.hibernate.type.WrapperBinaryType@4fe2dd02
2022-06-13 22:50:11.303 DEBUG 1201 --- [    Test worker] org.hibernate.type.BasicTypeRegistry     : Adding type registration [Ljava.lang.Byte; -> org.hibernate.type.WrapperBinaryType@4fe2dd02
2022-06-13 22:50:11.303 DEBUG 1201 --- [    Test worker] org.hibernate.type.BasicTypeRegistry     : Adding type registration row_version -> org.hibernate.type.RowVersionType@1c2dd89b
2022-06-13 22:50:11.303 DEBUG 1201 --- [    Test worker] org.hibernate.type.BasicTypeRegistry     : Adding type registration image -> org.hibernate.type.ImageType@5ef2cbe6
2022-06-13 22:50:11.303 DEBUG 1201 --- [    Test worker] org.hibernate.type.BasicTypeRegistry     : Adding type registration characters -> org.hibernate.type.CharArrayType@74eec640
2022-06-13 22:50:11.303 DEBUG 1201 --- [    Test worker] org.hibernate.type.BasicTypeRegistry     : Adding type registration char[] -> org.hibernate.type.CharArrayType@74eec640
2022-06-13 22:50:11.304 DEBUG 1201 --- [    Test worker] org.hibernate.type.BasicTypeRegistry     : Adding type registration [C -> org.hibernate.type.CharArrayType@74eec640
2022-06-13 22:50:11.304 DEBUG 1201 --- [    Test worker] org.hibernate.type.BasicTypeRegistry     : Adding type registration wrapper-characters -> org.hibernate.type.CharacterArrayType@57416e49
2022-06-13 22:50:11.304 DEBUG 1201 --- [    Test worker] org.hibernate.type.BasicTypeRegistry     : Adding type registration [Ljava.lang.Character; -> org.hibernate.type.CharacterArrayType@57416e49
2022-06-13 22:50:11.304 DEBUG 1201 --- [    Test worker] org.hibernate.type.BasicTypeRegistry     : Adding type registration Character[] -> org.hibernate.type.CharacterArrayType@57416e49
2022-06-13 22:50:11.304 DEBUG 1201 --- [    Test worker] org.hibernate.type.BasicTypeRegistry     : Adding type registration text -> org.hibernate.type.TextType@283d3628
2022-06-13 22:50:11.304 DEBUG 1201 --- [    Test worker] org.hibernate.type.BasicTypeRegistry     : Adding type registration ntext -> org.hibernate.type.NTextType@7b451bf4
2022-06-13 22:50:11.304 DEBUG 1201 --- [    Test worker] org.hibernate.type.BasicTypeRegistry     : Adding type registration blob -> org.hibernate.type.BlobType@33e50ff2
2022-06-13 22:50:11.304 DEBUG 1201 --- [    Test worker] org.hibernate.type.BasicTypeRegistry     : Adding type registration java.sql.Blob -> org.hibernate.type.BlobType@33e50ff2
2022-06-13 22:50:11.304 DEBUG 1201 --- [    Test worker] org.hibernate.type.BasicTypeRegistry     : Adding type registration materialized_blob -> org.hibernate.type.MaterializedBlobType@191f4d65
2022-06-13 22:50:11.304 DEBUG 1201 --- [    Test worker] org.hibernate.type.BasicTypeRegistry     : Adding type registration clob -> org.hibernate.type.ClobType@67e6eb52
2022-06-13 22:50:11.304 DEBUG 1201 --- [    Test worker] org.hibernate.type.BasicTypeRegistry     : Adding type registration java.sql.Clob -> org.hibernate.type.ClobType@67e6eb52
2022-06-13 22:50:11.305 DEBUG 1201 --- [    Test worker] org.hibernate.type.BasicTypeRegistry     : Adding type registration nclob -> org.hibernate.type.NClobType@3c488b34
2022-06-13 22:50:11.305 DEBUG 1201 --- [    Test worker] org.hibernate.type.BasicTypeRegistry     : Adding type registration java.sql.NClob -> org.hibernate.type.NClobType@3c488b34
2022-06-13 22:50:11.305 DEBUG 1201 --- [    Test worker] org.hibernate.type.BasicTypeRegistry     : Adding type registration materialized_clob -> org.hibernate.type.MaterializedClobType@5c76fce4
2022-06-13 22:50:11.305 DEBUG 1201 --- [    Test worker] org.hibernate.type.BasicTypeRegistry     : Adding type registration materialized_nclob -> org.hibernate.type.MaterializedNClobType@65a48cab
2022-06-13 22:50:11.305 DEBUG 1201 --- [    Test worker] org.hibernate.type.BasicTypeRegistry     : Adding type registration serializable -> org.hibernate.type.SerializableType@77ab5214
2022-06-13 22:50:11.305 DEBUG 1201 --- [    Test worker] org.hibernate.type.BasicTypeRegistry     : Adding type registration object -> org.hibernate.type.ObjectType@7de3206d
2022-06-13 22:50:11.305 DEBUG 1201 --- [    Test worker] org.hibernate.type.BasicTypeRegistry     : Adding type registration java.lang.Object -> org.hibernate.type.ObjectType@7de3206d
2022-06-13 22:50:11.305 DEBUG 1201 --- [    Test worker] org.hibernate.type.BasicTypeRegistry     : Adding type registration imm_date -> org.hibernate.type.AdaptedImmutableType@7b6c3b37
2022-06-13 22:50:11.305 DEBUG 1201 --- [    Test worker] org.hibernate.type.BasicTypeRegistry     : Adding type registration imm_time -> org.hibernate.type.AdaptedImmutableType@a8964c1
2022-06-13 22:50:11.305 DEBUG 1201 --- [    Test worker] org.hibernate.type.BasicTypeRegistry     : Adding type registration imm_timestamp -> org.hibernate.type.AdaptedImmutableType@38320819
2022-06-13 22:50:11.305 DEBUG 1201 --- [    Test worker] org.hibernate.type.BasicTypeRegistry     : Adding type registration imm_dbtimestamp -> org.hibernate.type.AdaptedImmutableType@16c3388e
2022-06-13 22:50:11.305 DEBUG 1201 --- [    Test worker] org.hibernate.type.BasicTypeRegistry     : Adding type registration imm_calendar -> org.hibernate.type.AdaptedImmutableType@cec1ce2
2022-06-13 22:50:11.306 DEBUG 1201 --- [    Test worker] org.hibernate.type.BasicTypeRegistry     : Adding type registration imm_calendar_date -> org.hibernate.type.AdaptedImmutableType@4d82ded2
2022-06-13 22:50:11.306 DEBUG 1201 --- [    Test worker] org.hibernate.type.BasicTypeRegistry     : Adding type registration imm_binary -> org.hibernate.type.AdaptedImmutableType@655875bb
2022-06-13 22:50:11.306 DEBUG 1201 --- [    Test worker] org.hibernate.type.BasicTypeRegistry     : Adding type registration imm_serializable -> org.hibernate.type.AdaptedImmutableType@6ad036d6
2022-06-13 22:50:11.309  INFO 1201 --- [    Test worker] com.zaxxer.hikari.HikariDataSource       : HikariPool-1 - Starting...
2022-06-13 22:50:11.334  INFO 1201 --- [    Test worker] com.zaxxer.hikari.HikariDataSource       : HikariPool-1 - Start completed.
2022-06-13 22:50:11.343  INFO 1201 --- [    Test worker] org.hibernate.dialect.Dialect            : HHH000400: Using dialect: org.hibernate.dialect.H2Dialect
2022-06-13 22:50:11.352 DEBUG 1201 --- [    Test worker] o.h.type.spi.TypeConfiguration$Scope     : Scoping TypeConfiguration [org.hibernate.type.spi.TypeConfiguration@592fbd8] to MetadataBuildingContext [org.hibernate.boot.internal.MetadataBuildingContextRootImpl@354baab2]
2022-06-13 22:50:11.370 DEBUG 1201 --- [    Test worker] o.h.type.spi.TypeConfiguration$Scope     : Scoping TypeConfiguration [org.hibernate.type.spi.TypeConfiguration@592fbd8] to SessionFactoryImpl [org.hibernate.internal.SessionFactoryImpl@7c046af]
2022-06-13 22:50:11.389  INFO 1201 --- [    Test worker] o.h.e.t.j.p.i.JtaPlatformInitiator       : HHH000490: Using JtaPlatform implementation: [org.hibernate.engine.transaction.jta.platform.internal.NoJtaPlatform]
2022-06-13 22:50:11.389 TRACE 1201 --- [    Test worker] o.h.type.spi.TypeConfiguration$Scope     : Handling #sessionFactoryCreated from [org.hibernate.internal.SessionFactoryImpl@7c046af] for TypeConfiguration
2022-06-13 22:50:11.389  INFO 1201 --- [    Test worker] j.LocalContainerEntityManagerFactoryBean : Initialized JPA EntityManagerFactory for persistence unit 'default'
2022-06-13 22:50:11.567  WARN 1201 --- [    Test worker] JpaBaseConfiguration$JpaWebConfiguration : spring.jpa.open-in-view is enabled by default. Therefore, database queries may be performed during view rendering. Explicitly configure spring.jpa.open-in-view to disable this warning
2022-06-13 22:50:11.659  INFO 1201 --- [    Test worker] o.s.b.a.w.s.WelcomePageHandlerMapping    : Adding welcome page: class path resource [static/index.html]
2022-06-13 22:50:11.798  INFO 1201 --- [    Test worker] p.m.s.UrlShortenerApplicationTests       : Started UrlShortenerApplicationTests in 0.82 seconds (JVM running for 8.156)
]]></system-out>
  <system-err><![CDATA[]]></system-err>
</testsuite>
